[0.207s] DEBUG:colcon:Command line arguments: ['/usr/bin/colcon', 'build', '--packages-select', 'f1tenth_rl']
[0.207s] DEBUG:colcon:Parsed command line arguments: Namespace(log_base=None, log_level=None, verb_name='build', build_base='build', install_base='install', merge_install=False, symlink_install=False, test_result_base=None, continue_on_error=False, executor='parallel', parallel_workers=6, event_handlers=None, ignore_user_meta=False, metas=['./colcon.meta'], base_paths=['.'], packages_ignore=None, packages_ignore_regex=None, paths=None, packages_up_to=None, packages_up_to_regex=None, packages_above=None, packages_above_and_dependencies=None, packages_above_depth=None, packages_select_by_dep=None, packages_skip_by_dep=None, packages_skip_up_to=None, packages_select_build_failed=False, packages_skip_build_finished=False, packages_select_test_failures=False, packages_skip_test_passed=False, packages_select=['f1tenth_rl'], packages_skip=None, packages_select_regex=None, packages_skip_regex=None, packages_start=None, packages_end=None, allow_overriding=[], cmake_args=None, cmake_target=None, cmake_target_skip_unavailable=False, cmake_clean_cache=False, cmake_clean_first=False, cmake_force_configure=False, ament_cmake_args=None, catkin_cmake_args=None, catkin_skip_building_tests=False, verb_parser=<colcon_defaults.argument_parser.defaults.DefaultArgumentsDecorator object at 0xffff8a814af0>, verb_extension=<colcon_core.verb.build.BuildVerb object at 0xffff8a814640>, main=<bound method BuildVerb.main of <colcon_core.verb.build.BuildVerb object at 0xffff8a814640>>)
[0.531s] Level 1:colcon.colcon_core.package_discovery:discover_packages(colcon_meta) check parameters
[0.532s] Level 1:colcon.colcon_core.package_discovery:discover_packages(recursive) check parameters
[0.532s] Level 1:colcon.colcon_core.package_discovery:discover_packages(ignore) check parameters
[0.532s] Level 1:colcon.colcon_core.package_discovery:discover_packages(path) check parameters
[0.532s] Level 1:colcon.colcon_core.package_discovery:discover_packages(colcon_meta) discover
[0.532s] Level 1:colcon.colcon_core.package_discovery:discover_packages(recursive) discover
[0.532s] INFO:colcon.colcon_core.package_discovery:Crawling recursively for packages in '/home/toyonishiorin/f1tenth-project/ros2_ws'
[0.532s] Level 1:colcon.colcon_core.package_identification:_identify(.) by extensions ['ignore', 'ignore_ament_install']
[0.534s] Level 1:colcon.colcon_core.package_identification:_identify(.) by extension 'ignore'
[0.534s] Level 1:colcon.colcon_core.package_identification:_identify(.) by extension 'ignore_ament_install'
[0.534s] Level 1:colcon.colcon_core.package_identification:_identify(.) by extensions ['colcon_pkg']
[0.534s] Level 1:colcon.colcon_core.package_identification:_identify(.) by extension 'colcon_pkg'
[0.534s] Level 1:colcon.colcon_core.package_identification:_identify(.) by extensions ['colcon_meta']
[0.534s] Level 1:colcon.colcon_core.package_identification:_identify(.) by extension 'colcon_meta'
[0.534s] Level 1:colcon.colcon_core.package_identification:_identify(.) by extensions ['ros']
[0.535s] Level 1:colcon.colcon_core.package_identification:_identify(.) by extension 'ros'
[0.555s] Level 1:colcon.colcon_core.package_identification:_identify(.) by extensions ['cmake', 'python']
[0.556s] Level 1:colcon.colcon_core.package_identification:_identify(.) by extension 'cmake'
[0.556s] Level 1:colcon.colcon_core.package_identification:_identify(.) by extension 'python'
[0.556s] Level 1:colcon.colcon_core.package_identification:_identify(.) by extensions ['python_setup_py']
[0.556s] Level 1:colcon.colcon_core.package_identification:_identify(.) by extension 'python_setup_py'
[0.556s] Level 1:colcon.colcon_core.package_identification:_identify(build) by extensions ['ignore', 'ignore_ament_install']
[0.557s] Level 1:colcon.colcon_core.package_identification:_identify(build) by extension 'ignore'
[0.557s] Level 1:colcon.colcon_core.package_identification:_identify(build) ignored
[0.557s] Level 1:colcon.colcon_core.package_identification:_identify(install) by extensions ['ignore', 'ignore_ament_install']
[0.557s] Level 1:colcon.colcon_core.package_identification:_identify(install) by extension 'ignore'
[0.557s] Level 1:colcon.colcon_core.package_identification:_identify(install) ignored
[0.558s] Level 1:colcon.colcon_core.package_identification:_identify(log) by extensions ['ignore', 'ignore_ament_install']
[0.558s] Level 1:colcon.colcon_core.package_identification:_identify(log) by extension 'ignore'
[0.558s] Level 1:colcon.colcon_core.package_identification:_identify(log) ignored
[0.558s] Level 1:colcon.colcon_core.package_identification:_identify(models) by extensions ['ignore', 'ignore_ament_install']
[0.558s] Level 1:colcon.colcon_core.package_identification:_identify(models) by extension 'ignore'
[0.558s] Level 1:colcon.colcon_core.package_identification:_identify(models) by extension 'ignore_ament_install'
[0.558s] Level 1:colcon.colcon_core.package_identification:_identify(models) by extensions ['colcon_pkg']
[0.558s] Level 1:colcon.colcon_core.package_identification:_identify(models) by extension 'colcon_pkg'
[0.559s] Level 1:colcon.colcon_core.package_identification:_identify(models) by extensions ['colcon_meta']
[0.559s] Level 1:colcon.colcon_core.package_identification:_identify(models) by extension 'colcon_meta'
[0.559s] Level 1:colcon.colcon_core.package_identification:_identify(models) by extensions ['ros']
[0.559s] Level 1:colcon.colcon_core.package_identification:_identify(models) by extension 'ros'
[0.559s] Level 1:colcon.colcon_core.package_identification:_identify(models) by extensions ['cmake', 'python']
[0.559s] Level 1:colcon.colcon_core.package_identification:_identify(models) by extension 'cmake'
[0.559s] Level 1:colcon.colcon_core.package_identification:_identify(models) by extension 'python'
[0.559s] Level 1:colcon.colcon_core.package_identification:_identify(models) by extensions ['python_setup_py']
[0.559s] Level 1:colcon.colcon_core.package_identification:_identify(models) by extension 'python_setup_py'
[0.559s] Level 1:colcon.colcon_core.package_identification:_identify(scripts) by extensions ['ignore', 'ignore_ament_install']
[0.560s] Level 1:colcon.colcon_core.package_identification:_identify(scripts) by extension 'ignore'
[0.560s] Level 1:colcon.colcon_core.package_identification:_identify(scripts) by extension 'ignore_ament_install'
[0.560s] Level 1:colcon.colcon_core.package_identification:_identify(scripts) by extensions ['colcon_pkg']
[0.560s] Level 1:colcon.colcon_core.package_identification:_identify(scripts) by extension 'colcon_pkg'
[0.560s] Level 1:colcon.colcon_core.package_identification:_identify(scripts) by extensions ['colcon_meta']
[0.560s] Level 1:colcon.colcon_core.package_identification:_identify(scripts) by extension 'colcon_meta'
[0.560s] Level 1:colcon.colcon_core.package_identification:_identify(scripts) by extensions ['ros']
[0.560s] Level 1:colcon.colcon_core.package_identification:_identify(scripts) by extension 'ros'
[0.560s] Level 1:colcon.colcon_core.package_identification:_identify(scripts) by extensions ['cmake', 'python']
[0.560s] Level 1:colcon.colcon_core.package_identification:_identify(scripts) by extension 'cmake'
[0.560s] Level 1:colcon.colcon_core.package_identification:_identify(scripts) by extension 'python'
[0.561s] Level 1:colcon.colcon_core.package_identification:_identify(scripts) by extensions ['python_setup_py']
[0.561s] Level 1:colcon.colcon_core.package_identification:_identify(scripts) by extension 'python_setup_py'
[0.561s] Level 1:colcon.colcon_core.package_identification:_identify(scripts/tests) by extensions ['ignore', 'ignore_ament_install']
[0.561s] Level 1:colcon.colcon_core.package_identification:_identify(scripts/tests) by extension 'ignore'
[0.561s] Level 1:colcon.colcon_core.package_identification:_identify(scripts/tests) by extension 'ignore_ament_install'
[0.561s] Level 1:colcon.colcon_core.package_identification:_identify(scripts/tests) by extensions ['colcon_pkg']
[0.561s] Level 1:colcon.colcon_core.package_identification:_identify(scripts/tests) by extension 'colcon_pkg'
[0.561s] Level 1:colcon.colcon_core.package_identification:_identify(scripts/tests) by extensions ['colcon_meta']
[0.561s] Level 1:colcon.colcon_core.package_identification:_identify(scripts/tests) by extension 'colcon_meta'
[0.561s] Level 1:colcon.colcon_core.package_identification:_identify(scripts/tests) by extensions ['ros']
[0.562s] Level 1:colcon.colcon_core.package_identification:_identify(scripts/tests) by extension 'ros'
[0.562s] Level 1:colcon.colcon_core.package_identification:_identify(scripts/tests) by extensions ['cmake', 'python']
[0.562s] Level 1:colcon.colcon_core.package_identification:_identify(scripts/tests) by extension 'cmake'
[0.562s] Level 1:colcon.colcon_core.package_identification:_identify(scripts/tests) by extension 'python'
[0.562s] Level 1:colcon.colcon_core.package_identification:_identify(scripts/tests) by extensions ['python_setup_py']
[0.562s] Level 1:colcon.colcon_core.package_identification:_identify(scripts/tests) by extension 'python_setup_py'
[0.562s] Level 1:colcon.colcon_core.package_identification:_identify(src) by extensions ['ignore', 'ignore_ament_install']
[0.562s] Level 1:colcon.colcon_core.package_identification:_identify(src) by extension 'ignore'
[0.562s] Level 1:colcon.colcon_core.package_identification:_identify(src) by extension 'ignore_ament_install'
[0.563s] Level 1:colcon.colcon_core.package_identification:_identify(src) by extensions ['colcon_pkg']
[0.563s] Level 1:colcon.colcon_core.package_identification:_identify(src) by extension 'colcon_pkg'
[0.563s] Level 1:colcon.colcon_core.package_identification:_identify(src) by extensions ['colcon_meta']
[0.563s] Level 1:colcon.colcon_core.package_identification:_identify(src) by extension 'colcon_meta'
[0.563s] Level 1:colcon.colcon_core.package_identification:_identify(src) by extensions ['ros']
[0.563s] Level 1:colcon.colcon_core.package_identification:_identify(src) by extension 'ros'
[0.563s] Level 1:colcon.colcon_core.package_identification:_identify(src) by extensions ['cmake', 'python']
[0.563s] Level 1:colcon.colcon_core.package_identification:_identify(src) by extension 'cmake'
[0.563s] Level 1:colcon.colcon_core.package_identification:_identify(src) by extension 'python'
[0.563s] Level 1:colcon.colcon_core.package_identification:_identify(src) by extensions ['python_setup_py']
[0.563s] Level 1:colcon.colcon_core.package_identification:_identify(src) by extension 'python_setup_py'
[0.564s] Level 1:colcon.colcon_core.package_identification:_identify(src/f1tenth_rl) by extensions ['ignore', 'ignore_ament_install']
[0.564s] Level 1:colcon.colcon_core.package_identification:_identify(src/f1tenth_rl) by extension 'ignore'
[0.564s] Level 1:colcon.colcon_core.package_identification:_identify(src/f1tenth_rl) by extension 'ignore_ament_install'
[0.564s] Level 1:colcon.colcon_core.package_identification:_identify(src/f1tenth_rl) by extensions ['colcon_pkg']
[0.564s] Level 1:colcon.colcon_core.package_identification:_identify(src/f1tenth_rl) by extension 'colcon_pkg'
[0.564s] Level 1:colcon.colcon_core.package_identification:_identify(src/f1tenth_rl) by extensions ['colcon_meta']
[0.564s] Level 1:colcon.colcon_core.package_identification:_identify(src/f1tenth_rl) by extension 'colcon_meta'
[0.564s] Level 1:colcon.colcon_core.package_identification:_identify(src/f1tenth_rl) by extensions ['ros']
[0.564s] Level 1:colcon.colcon_core.package_identification:_identify(src/f1tenth_rl) by extension 'ros'
[0.569s] DEBUG:colcon.colcon_core.package_identification:Package 'src/f1tenth_rl' with type 'ros.ament_python' and name 'f1tenth_rl'
[0.569s] Level 1:colcon.colcon_core.package_discovery:discover_packages(recursive) using defaults
[0.569s] Level 1:colcon.colcon_core.package_discovery:discover_packages(ignore) discover
[0.569s] Level 1:colcon.colcon_core.package_discovery:discover_packages(ignore) using defaults
[0.569s] Level 1:colcon.colcon_core.package_discovery:discover_packages(path) discover
[0.569s] Level 1:colcon.colcon_core.package_discovery:discover_packages(path) using defaults
[0.637s] Level 1:colcon.colcon_core.package_discovery:discover_packages(prefix_path) check parameters
[0.637s] Level 1:colcon.colcon_core.package_discovery:discover_packages(prefix_path) discover
[0.641s] DEBUG:colcon.colcon_installed_package_information.package_discovery:Found 1 installed packages in /home/toyonishiorin/f1tenth-project/ros2_ws/install
[0.644s] DEBUG:colcon.colcon_installed_package_information.package_discovery:Found 437 installed packages in /opt/ros/humble
[0.647s] Level 1:colcon.colcon_core.package_discovery:discover_packages(prefix_path) using defaults
[0.744s] Level 5:colcon.colcon_core.verb:set package 'f1tenth_rl' build argument 'cmake_args' from command line to 'None'
[0.744s] Level 5:colcon.colcon_core.verb:set package 'f1tenth_rl' build argument 'cmake_target' from command line to 'None'
[0.744s] Level 5:colcon.colcon_core.verb:set package 'f1tenth_rl' build argument 'cmake_target_skip_unavailable' from command line to 'False'
[0.744s] Level 5:colcon.colcon_core.verb:set package 'f1tenth_rl' build argument 'cmake_clean_cache' from command line to 'False'
[0.744s] Level 5:colcon.colcon_core.verb:set package 'f1tenth_rl' build argument 'cmake_clean_first' from command line to 'False'
[0.744s] Level 5:colcon.colcon_core.verb:set package 'f1tenth_rl' build argument 'cmake_force_configure' from command line to 'False'
[0.744s] Level 5:colcon.colcon_core.verb:set package 'f1tenth_rl' build argument 'ament_cmake_args' from command line to 'None'
[0.744s] Level 5:colcon.colcon_core.verb:set package 'f1tenth_rl' build argument 'catkin_cmake_args' from command line to 'None'
[0.744s] Level 5:colcon.colcon_core.verb:set package 'f1tenth_rl' build argument 'catkin_skip_building_tests' from command line to 'False'
[0.744s] DEBUG:colcon.colcon_core.verb:Building package 'f1tenth_rl' with the following arguments: {'ament_cmake_args': None, 'build_base': '/home/toyonishiorin/f1tenth-project/ros2_ws/build/f1tenth_rl', 'catkin_cmake_args': None, 'catkin_skip_building_tests': False, 'cmake_args': None, 'cmake_clean_cache': False, 'cmake_clean_first': False, 'cmake_force_configure': False, 'cmake_target': None, 'cmake_target_skip_unavailable': False, 'install_base': '/home/toyonishiorin/f1tenth-project/ros2_ws/install/f1tenth_rl', 'merge_install': False, 'path': '/home/toyonishiorin/f1tenth-project/ros2_ws/src/f1tenth_rl', 'symlink_install': False, 'test_result_base': None}
[0.745s] INFO:colcon.colcon_core.executor:Executing jobs using 'parallel' executor
[0.747s] DEBUG:colcon.colcon_parallel_executor.executor.parallel:run_until_complete
[0.748s] INFO:colcon.colcon_ros.task.ament_python.build:Building ROS package in '/home/toyonishiorin/f1tenth-project/ros2_ws/src/f1tenth_rl' with build type 'ament_python'
[0.748s] Level 1:colcon.colcon_core.shell:create_environment_hook('f1tenth_rl', 'ament_prefix_path')
[0.752s] INFO:colcon.colcon_core.plugin_system:Skipping extension 'colcon_core.shell.bat': Not used on non-Windows systems
[0.752s] INFO:colcon.colcon_core.shell:Creating environment hook '/home/toyonishiorin/f1tenth-project/ros2_ws/install/f1tenth_rl/share/f1tenth_rl/hook/ament_prefix_path.ps1'
[0.754s] INFO:colcon.colcon_core.shell:Creating environment descriptor '/home/toyonishiorin/f1tenth-project/ros2_ws/install/f1tenth_rl/share/f1tenth_rl/hook/ament_prefix_path.dsv'
[0.755s] INFO:colcon.colcon_core.shell:Creating environment hook '/home/toyonishiorin/f1tenth-project/ros2_ws/install/f1tenth_rl/share/f1tenth_rl/hook/ament_prefix_path.sh'
[0.756s] INFO:colcon.colcon_core.shell:Skip shell extension 'powershell' for command environment: Not usable outside of PowerShell
[0.757s] DEBUG:colcon.colcon_core.shell:Skip shell extension 'dsv' for command environment
[1.314s] INFO:colcon.colcon_core.task.python.build:Building Python package in '/home/toyonishiorin/f1tenth-project/ros2_ws/src/f1tenth_rl'
[1.315s] INFO:colcon.colcon_core.shell:Skip shell extension 'powershell' for command environment: Not usable outside of PowerShell
[1.315s] DEBUG:colcon.colcon_core.shell:Skip shell extension 'dsv' for command environment
[2.080s] DEBUG:colcon.colcon_core.event_handler.log_command:Invoking command in '/home/toyonishiorin/f1tenth-project/ros2_ws/src/f1tenth_rl': PYTHONPATH=/home/toyonishiorin/f1tenth-project/ros2_ws/build/f1tenth_rl/prefix_override:/usr/lib/python3/dist-packages/colcon_core/task/python/colcon_distutils_commands:/home/toyonishiorin/f1tenth-project/ros2_ws/install/f1tenth_rl/lib/python3.10/site-packages:${PYTHONPATH} VIRTUAL_ENV_PROMPT=(jetson-ros2) /usr/bin/python3 -W ignore:setup.py install is deprecated -W ignore:easy_install command is deprecated setup.py egg_info --egg-base ../../build/f1tenth_rl build --build-base /home/toyonishiorin/f1tenth-project/ros2_ws/build/f1tenth_rl/build install --record /home/toyonishiorin/f1tenth-project/ros2_ws/build/f1tenth_rl/install.log --single-version-externally-managed install_data
[2.699s] DEBUG:colcon.colcon_core.event_handler.log_command:Invoked command in '/home/toyonishiorin/f1tenth-project/ros2_ws/src/f1tenth_rl' returned '0': PYTHONPATH=/home/toyonishiorin/f1tenth-project/ros2_ws/build/f1tenth_rl/prefix_override:/usr/lib/python3/dist-packages/colcon_core/task/python/colcon_distutils_commands:/home/toyonishiorin/f1tenth-project/ros2_ws/install/f1tenth_rl/lib/python3.10/site-packages:${PYTHONPATH} VIRTUAL_ENV_PROMPT=(jetson-ros2) /usr/bin/python3 -W ignore:setup.py install is deprecated -W ignore:easy_install command is deprecated setup.py egg_info --egg-base ../../build/f1tenth_rl build --build-base /home/toyonishiorin/f1tenth-project/ros2_ws/build/f1tenth_rl/build install --record /home/toyonishiorin/f1tenth-project/ros2_ws/build/f1tenth_rl/install.log --single-version-externally-managed install_data
[2.705s] Level 1:colcon.colcon_core.environment:checking '/home/toyonishiorin/f1tenth-project/ros2_ws/install/f1tenth_rl' for CMake module files
[2.706s] Level 1:colcon.colcon_core.environment:checking '/home/toyonishiorin/f1tenth-project/ros2_ws/install/f1tenth_rl' for CMake config files
[2.709s] Level 1:colcon.colcon_core.environment:checking '/home/toyonishiorin/f1tenth-project/ros2_ws/install/f1tenth_rl/lib'
[2.710s] Level 1:colcon.colcon_core.environment:checking '/home/toyonishiorin/f1tenth-project/ros2_ws/install/f1tenth_rl/bin'
[2.710s] Level 1:colcon.colcon_core.environment:checking '/home/toyonishiorin/f1tenth-project/ros2_ws/install/f1tenth_rl/lib/pkgconfig/f1tenth_rl.pc'
[2.711s] Level 1:colcon.colcon_core.environment:checking '/home/toyonishiorin/f1tenth-project/ros2_ws/install/f1tenth_rl/lib/python3.10/site-packages'
[2.712s] Level 1:colcon.colcon_core.shell:create_environment_hook('f1tenth_rl', 'pythonpath')
[2.712s] INFO:colcon.colcon_core.shell:Creating environment hook '/home/toyonishiorin/f1tenth-project/ros2_ws/install/f1tenth_rl/share/f1tenth_rl/hook/pythonpath.ps1'
[2.714s] INFO:colcon.colcon_core.shell:Creating environment descriptor '/home/toyonishiorin/f1tenth-project/ros2_ws/install/f1tenth_rl/share/f1tenth_rl/hook/pythonpath.dsv'
[2.716s] INFO:colcon.colcon_core.shell:Creating environment hook '/home/toyonishiorin/f1tenth-project/ros2_ws/install/f1tenth_rl/share/f1tenth_rl/hook/pythonpath.sh'
[2.719s] Level 1:colcon.colcon_core.environment:checking '/home/toyonishiorin/f1tenth-project/ros2_ws/install/f1tenth_rl/bin'
[2.719s] Level 1:colcon.colcon_core.environment:create_environment_scripts_only(f1tenth_rl)
[2.720s] INFO:colcon.colcon_core.shell:Creating package script '/home/toyonishiorin/f1tenth-project/ros2_ws/install/f1tenth_rl/share/f1tenth_rl/package.ps1'
[2.724s] INFO:colcon.colcon_core.shell:Creating package descriptor '/home/toyonishiorin/f1tenth-project/ros2_ws/install/f1tenth_rl/share/f1tenth_rl/package.dsv'
[2.726s] INFO:colcon.colcon_core.shell:Creating package script '/home/toyonishiorin/f1tenth-project/ros2_ws/install/f1tenth_rl/share/f1tenth_rl/package.sh'
[2.729s] INFO:colcon.colcon_core.shell:Creating package script '/home/toyonishiorin/f1tenth-project/ros2_ws/install/f1tenth_rl/share/f1tenth_rl/package.bash'
[2.732s] INFO:colcon.colcon_core.shell:Creating package script '/home/toyonishiorin/f1tenth-project/ros2_ws/install/f1tenth_rl/share/f1tenth_rl/package.zsh'
[2.734s] Level 1:colcon.colcon_core.environment:create_file_with_runtime_dependencies(/home/toyonishiorin/f1tenth-project/ros2_ws/install/f1tenth_rl/share/colcon-core/packages/f1tenth_rl)
[2.735s] DEBUG:colcon.colcon_parallel_executor.executor.parallel:closing loop
[2.737s] DEBUG:colcon.colcon_parallel_executor.executor.parallel:loop closed
[2.738s] DEBUG:colcon.colcon_parallel_executor.executor.parallel:run_until_complete finished with '0'
[2.738s] DEBUG:colcon.colcon_core.event_reactor:joining thread
[2.753s] INFO:colcon.colcon_core.plugin_system:Skipping extension 'colcon_notification.desktop_notification.terminal_notifier': Not used on non-Darwin systems
[2.754s] INFO:colcon.colcon_core.plugin_system:Skipping extension 'colcon_notification.desktop_notification.win32': Not used on non-Windows systems
[2.754s] INFO:colcon.colcon_notification.desktop_notification:Sending desktop notification using 'notify2'
[2.784s] DEBUG:colcon.colcon_core.event_reactor:joined thread
[2.785s] INFO:colcon.colcon_core.shell:Creating prefix script '/home/toyonishiorin/f1tenth-project/ros2_ws/install/local_setup.ps1'
[2.789s] INFO:colcon.colcon_core.shell:Creating prefix util module '/home/toyonishiorin/f1tenth-project/ros2_ws/install/_local_setup_util_ps1.py'
[2.793s] INFO:colcon.colcon_core.shell:Creating prefix chain script '/home/toyonishiorin/f1tenth-project/ros2_ws/install/setup.ps1'
[2.797s] INFO:colcon.colcon_core.shell:Creating prefix script '/home/toyonishiorin/f1tenth-project/ros2_ws/install/local_setup.sh'
[2.799s] INFO:colcon.colcon_core.shell:Creating prefix util module '/home/toyonishiorin/f1tenth-project/ros2_ws/install/_local_setup_util_sh.py'
[2.801s] INFO:colcon.colcon_core.shell:Creating prefix chain script '/home/toyonishiorin/f1tenth-project/ros2_ws/install/setup.sh'
[2.806s] INFO:colcon.colcon_core.shell:Creating prefix script '/home/toyonishiorin/f1tenth-project/ros2_ws/install/local_setup.bash'
[2.808s] INFO:colcon.colcon_core.shell:Creating prefix chain script '/home/toyonishiorin/f1tenth-project/ros2_ws/install/setup.bash'
[2.811s] INFO:colcon.colcon_core.shell:Creating prefix script '/home/toyonishiorin/f1tenth-project/ros2_ws/install/local_setup.zsh'
[2.812s] INFO:colcon.colcon_core.shell:Creating prefix chain script '/home/toyonishiorin/f1tenth-project/ros2_ws/install/setup.zsh'
