running egg_info
creating ../../build/f1tenth_rl/f1tenth_rl.egg-info
writing ../../build/f1tenth_rl/f1tenth_rl.egg-info/PKG-INFO
writing dependency_links to ../../build/f1tenth_rl/f1tenth_rl.egg-info/dependency_links.txt
writing entry points to ../../build/f1tenth_rl/f1tenth_rl.egg-info/entry_points.txt
writing requirements to ../../build/f1tenth_rl/f1tenth_rl.egg-info/requires.txt
writing top-level names to ../../build/f1tenth_rl/f1tenth_rl.egg-info/top_level.txt
writing manifest file '../../build/f1tenth_rl/f1tenth_rl.egg-info/SOURCES.txt'
reading manifest file '../../build/f1tenth_rl/f1tenth_rl.egg-info/SOURCES.txt'
writing manifest file '../../build/f1tenth_rl/f1tenth_rl.egg-info/SOURCES.txt'
running build
running build_py
creating /home/toyonishiorin/f1tenth-project/ros2_ws/build/f1tenth_rl/build
creating /home/toyonishiorin/f1tenth-project/ros2_ws/build/f1tenth_rl/build/lib
creating /home/toyonishiorin/f1tenth-project/ros2_ws/build/f1tenth_rl/build/lib/f1tenth_rl
copying f1tenth_rl/__init__.py -> /home/toyonishiorin/f1tenth-project/ros2_ws/build/f1tenth_rl/build/lib/f1tenth_rl
copying f1tenth_rl/rl_driver.py -> /home/toyonishiorin/f1tenth-project/ros2_ws/build/f1tenth_rl/build/lib/f1tenth_rl
running install
running install_lib
creating /home/toyonishiorin/f1tenth-project/ros2_ws/install/f1tenth_rl/lib/python3.10/site-packages/f1tenth_rl
copying /home/toyonishiorin/f1tenth-project/ros2_ws/build/f1tenth_rl/build/lib/f1tenth_rl/__init__.py -> /home/toyonishiorin/f1tenth-project/ros2_ws/install/f1tenth_rl/lib/python3.10/site-packages/f1tenth_rl
copying /home/toyonishiorin/f1tenth-project/ros2_ws/build/f1tenth_rl/build/lib/f1tenth_rl/rl_driver.py -> /home/toyonishiorin/f1tenth-project/ros2_ws/install/f1tenth_rl/lib/python3.10/site-packages/f1tenth_rl
byte-compiling /home/toyonishiorin/f1tenth-project/ros2_ws/install/f1tenth_rl/lib/python3.10/site-packages/f1tenth_rl/__init__.py to __init__.cpython-310.pyc
byte-compiling /home/toyonishiorin/f1tenth-project/ros2_ws/install/f1tenth_rl/lib/python3.10/site-packages/f1tenth_rl/rl_driver.py to rl_driver.cpython-310.pyc
running install_data
creating /home/toyonishiorin/f1tenth-project/ros2_ws/install/f1tenth_rl/share/ament_index
creating /home/toyonishiorin/f1tenth-project/ros2_ws/install/f1tenth_rl/share/ament_index/resource_index
creating /home/toyonishiorin/f1tenth-project/ros2_ws/install/f1tenth_rl/share/ament_index/resource_index/packages
copying resource/f1tenth_rl -> /home/toyonishiorin/f1tenth-project/ros2_ws/install/f1tenth_rl/share/ament_index/resource_index/packages
copying package.xml -> /home/toyonishiorin/f1tenth-project/ros2_ws/install/f1tenth_rl/share/f1tenth_rl
running install_egg_info
Copying ../../build/f1tenth_rl/f1tenth_rl.egg-info to /home/toyonishiorin/f1tenth-project/ros2_ws/install/f1tenth_rl/lib/python3.10/site-packages/f1tenth_rl-0.0.0-py3.10.egg-info
running install_scripts
Installing rl_driver script to /home/toyonishiorin/f1tenth-project/ros2_ws/install/f1tenth_rl/lib/f1tenth_rl
writing list of installed files to '/home/toyonishiorin/f1tenth-project/ros2_ws/build/f1tenth_rl/install.log'
