[1.706s] Invoking command in '/home/toyonishiorin/f1tenth-project/ros2_ws/src/f1tenth_rl': PYTHONPATH=/home/toyonishiorin/f1tenth-project/ros2_ws/build/f1tenth_rl/prefix_override:/usr/lib/python3/dist-packages/colcon_core/task/python/colcon_distutils_commands:/home/toyonishiorin/f1tenth-project/ros2_ws/install/f1tenth_rl/lib/python3.10/site-packages:${PYTHONPATH} /usr/bin/python3 -W ignore:setup.py install is deprecated -W ignore:easy_install command is deprecated setup.py egg_info --egg-base ../../build/f1tenth_rl build --build-base /home/toyonishiorin/f1tenth-project/ros2_ws/build/f1tenth_rl/build install --record /home/toyonishiorin/f1tenth-project/ros2_ws/build/f1tenth_rl/install.log --single-version-externally-managed install_data
[2.181s] running egg_info
[2.182s] creating ../../build/f1tenth_rl/f1tenth_rl.egg-info
[2.182s] writing ../../build/f1tenth_rl/f1tenth_rl.egg-info/PKG-INFO
[2.183s] writing dependency_links to ../../build/f1tenth_rl/f1tenth_rl.egg-info/dependency_links.txt
[2.183s] writing entry points to ../../build/f1tenth_rl/f1tenth_rl.egg-info/entry_points.txt
[2.183s] writing requirements to ../../build/f1tenth_rl/f1tenth_rl.egg-info/requires.txt
[2.183s] writing top-level names to ../../build/f1tenth_rl/f1tenth_rl.egg-info/top_level.txt
[2.184s] writing manifest file '../../build/f1tenth_rl/f1tenth_rl.egg-info/SOURCES.txt'
[2.187s] reading manifest file '../../build/f1tenth_rl/f1tenth_rl.egg-info/SOURCES.txt'
[2.188s] writing manifest file '../../build/f1tenth_rl/f1tenth_rl.egg-info/SOURCES.txt'
[2.189s] running build
[2.189s] running build_py
[2.189s] creating /home/toyonishiorin/f1tenth-project/ros2_ws/build/f1tenth_rl/build
[2.189s] creating /home/toyonishiorin/f1tenth-project/ros2_ws/build/f1tenth_rl/build/lib
[2.189s] creating /home/toyonishiorin/f1tenth-project/ros2_ws/build/f1tenth_rl/build/lib/f1tenth_rl
[2.190s] copying f1tenth_rl/__init__.py -> /home/toyonishiorin/f1tenth-project/ros2_ws/build/f1tenth_rl/build/lib/f1tenth_rl
[2.190s] copying f1tenth_rl/rl_driver.py -> /home/toyonishiorin/f1tenth-project/ros2_ws/build/f1tenth_rl/build/lib/f1tenth_rl
[2.190s] running install
[2.191s] running install_lib
[2.192s] creating /home/toyonishiorin/f1tenth-project/ros2_ws/install/f1tenth_rl/lib/python3.10/site-packages/f1tenth_rl
[2.193s] copying /home/toyonishiorin/f1tenth-project/ros2_ws/build/f1tenth_rl/build/lib/f1tenth_rl/__init__.py -> /home/toyonishiorin/f1tenth-project/ros2_ws/install/f1tenth_rl/lib/python3.10/site-packages/f1tenth_rl
[2.193s] copying /home/toyonishiorin/f1tenth-project/ros2_ws/build/f1tenth_rl/build/lib/f1tenth_rl/rl_driver.py -> /home/toyonishiorin/f1tenth-project/ros2_ws/install/f1tenth_rl/lib/python3.10/site-packages/f1tenth_rl
[2.193s] byte-compiling /home/toyonishiorin/f1tenth-project/ros2_ws/install/f1tenth_rl/lib/python3.10/site-packages/f1tenth_rl/__init__.py to __init__.cpython-310.pyc
[2.194s] byte-compiling /home/toyonishiorin/f1tenth-project/ros2_ws/install/f1tenth_rl/lib/python3.10/site-packages/f1tenth_rl/rl_driver.py to rl_driver.cpython-310.pyc
[2.195s] running install_data
[2.195s] creating /home/toyonishiorin/f1tenth-project/ros2_ws/install/f1tenth_rl/share/ament_index
[2.196s] creating /home/toyonishiorin/f1tenth-project/ros2_ws/install/f1tenth_rl/share/ament_index/resource_index
[2.196s] creating /home/toyonishiorin/f1tenth-project/ros2_ws/install/f1tenth_rl/share/ament_index/resource_index/packages
[2.196s] copying resource/f1tenth_rl -> /home/toyonishiorin/f1tenth-project/ros2_ws/install/f1tenth_rl/share/ament_index/resource_index/packages
[2.196s] copying package.xml -> /home/toyonishiorin/f1tenth-project/ros2_ws/install/f1tenth_rl/share/f1tenth_rl
[2.196s] running install_egg_info
[2.200s] Copying ../../build/f1tenth_rl/f1tenth_rl.egg-info to /home/toyonishiorin/f1tenth-project/ros2_ws/install/f1tenth_rl/lib/python3.10/site-packages/f1tenth_rl-0.0.0-py3.10.egg-info
[2.201s] running install_scripts
[2.240s] Installing rl_driver script to /home/toyonishiorin/f1tenth-project/ros2_ws/install/f1tenth_rl/lib/f1tenth_rl
[2.240s] writing list of installed files to '/home/toyonishiorin/f1tenth-project/ros2_ws/build/f1tenth_rl/install.log'
[2.312s] Invoked command in '/home/toyonishiorin/f1tenth-project/ros2_ws/src/f1tenth_rl' returned '0': PYTHONPATH=/home/toyonishiorin/f1tenth-project/ros2_ws/build/f1tenth_rl/prefix_override:/usr/lib/python3/dist-packages/colcon_core/task/python/colcon_distutils_commands:/home/toyonishiorin/f1tenth-project/ros2_ws/install/f1tenth_rl/lib/python3.10/site-packages:${PYTHONPATH} /usr/bin/python3 -W ignore:setup.py install is deprecated -W ignore:easy_install command is deprecated setup.py egg_info --egg-base ../../build/f1tenth_rl build --build-base /home/toyonishiorin/f1tenth-project/ros2_ws/build/f1tenth_rl/build install --record /home/toyonishiorin/f1tenth-project/ros2_ws/build/f1tenth_rl/install.log --single-version-externally-managed install_data
